2023-03-07 11:13:47,931 [INFO] length of dataset in words: 239,008
2023-03-07 11:13:48,138 [INFO] encoding.input_ids.shape torch.Size([1, 43392])
2023-03-07 11:13:48,138 [INFO] encoding.attention_mask.shape torch.Size([1, 43392])
2023-03-07 11:13:48,138 [INFO] len_train_data = 43392
2023-03-07 11:13:53,929 [INFO] Epoch 1 of 50
2023-03-07 11:14:37,690 [INFO] Epoch 0 complete. Loss: 2.6539082527160645
2023-03-07 11:14:41,385 [INFO] Epoch 2 of 50
2023-03-07 11:15:24,973 [INFO] Epoch 1 complete. Loss: 2.4044017791748047
2023-03-07 11:15:27,743 [INFO] Epoch 3 of 50
2023-03-07 11:16:12,225 [INFO] Epoch 2 complete. Loss: 1.69875967502594
2023-03-07 11:16:15,592 [INFO] Epoch 4 of 50
2023-03-07 11:17:00,776 [INFO] Epoch 3 complete. Loss: 1.3897721767425537
2023-03-07 11:17:05,029 [INFO] Epoch 5 of 50
2023-03-07 11:17:50,638 [INFO] Epoch 4 complete. Loss: 1.2518088817596436
2023-03-07 11:17:56,623 [INFO] Epoch 6 of 50
2023-03-07 11:18:42,343 [INFO] Epoch 5 complete. Loss: 0.5558325052261353
2023-03-07 11:18:45,970 [INFO] Epoch 7 of 50
2023-03-07 11:19:31,948 [INFO] Epoch 6 complete. Loss: 0.3909336030483246
2023-03-07 11:19:35,221 [INFO] Epoch 8 of 50
2023-03-07 11:20:21,648 [INFO] Epoch 7 complete. Loss: 0.30641695857048035
2023-03-07 11:20:25,045 [INFO] Epoch 9 of 50
2023-03-07 11:21:11,987 [INFO] Epoch 8 complete. Loss: 0.3389992117881775
2023-03-07 11:21:16,486 [INFO] Epoch 10 of 50
2023-03-07 11:22:03,284 [INFO] Epoch 9 complete. Loss: 0.29924196004867554
2023-03-07 11:22:06,577 [INFO] Epoch 11 of 50
2023-03-07 11:22:53,730 [INFO] Epoch 10 complete. Loss: 0.1816769391298294
2023-03-07 11:22:57,450 [INFO] Epoch 12 of 50
2023-03-07 11:23:44,947 [INFO] Epoch 11 complete. Loss: 0.186552032828331
2023-03-07 11:23:48,622 [INFO] Epoch 13 of 50
2023-03-07 11:24:36,177 [INFO] Epoch 12 complete. Loss: 0.16062694787979126
2023-03-07 11:24:39,557 [INFO] Epoch 14 of 50
2023-03-07 11:25:27,414 [INFO] Epoch 13 complete. Loss: 0.1721707433462143
2023-03-07 11:25:31,671 [INFO] Epoch 15 of 50
2023-03-07 11:26:19,738 [INFO] Epoch 14 complete. Loss: 0.14735901355743408
2023-03-07 11:26:23,508 [INFO] Epoch 16 of 50
2023-03-07 11:27:12,776 [INFO] Epoch 15 complete. Loss: 0.15398606657981873
2023-03-07 11:27:16,267 [INFO] Epoch 17 of 50
2023-03-07 11:28:07,213 [INFO] Epoch 16 complete. Loss: 0.14442867040634155
2023-03-07 11:28:11,078 [INFO] Epoch 18 of 50
2023-03-07 11:29:02,405 [INFO] Epoch 17 complete. Loss: 0.10168837755918503
2023-03-07 11:29:06,503 [INFO] Epoch 19 of 50
2023-03-07 11:29:59,201 [INFO] Epoch 18 complete. Loss: 0.1337113380432129
2023-03-07 11:30:03,058 [INFO] Epoch 20 of 50
2023-03-07 11:30:54,143 [INFO] Epoch 19 complete. Loss: 0.13841116428375244
2023-03-07 11:30:58,176 [INFO] Epoch 21 of 50
2023-03-07 11:31:47,843 [INFO] Epoch 20 complete. Loss: 0.09868137538433075
2023-03-07 11:31:52,597 [INFO] Epoch 22 of 50
2023-03-07 11:32:42,844 [INFO] Epoch 21 complete. Loss: 0.1110832616686821
2023-03-07 11:32:54,096 [INFO] Epoch 23 of 50
2023-03-07 11:33:43,189 [INFO] Epoch 22 complete. Loss: 0.11494006216526031
2023-03-07 11:33:47,171 [INFO] Epoch 24 of 50
2023-03-07 11:34:38,068 [INFO] Epoch 23 complete. Loss: 0.0798899307847023
2023-03-07 11:34:43,725 [INFO] Epoch 25 of 50
2023-03-07 11:35:33,795 [INFO] Epoch 24 complete. Loss: 0.10530025511980057
2023-03-07 11:35:41,367 [INFO] Epoch 26 of 50
2023-03-07 11:36:30,681 [INFO] Epoch 25 complete. Loss: 0.10999304056167603
2023-03-07 11:36:35,796 [INFO] Epoch 27 of 50
2023-03-07 11:37:25,775 [INFO] Epoch 26 complete. Loss: 0.07491543889045715
2023-03-07 11:37:30,126 [INFO] Epoch 28 of 50
2023-03-07 11:38:19,822 [INFO] Epoch 27 complete. Loss: 0.10223688185214996
2023-03-07 11:38:24,100 [INFO] Epoch 29 of 50
2023-03-07 11:39:13,796 [INFO] Epoch 28 complete. Loss: 0.09410876035690308
2023-03-07 11:39:17,427 [INFO] Epoch 30 of 50
2023-03-07 11:40:08,083 [INFO] Epoch 29 complete. Loss: 0.0847398117184639
2023-03-07 11:40:12,980 [INFO] Epoch 31 of 50
2023-03-07 11:41:01,600 [INFO] Epoch 30 complete. Loss: 0.11524833738803864
2023-03-07 11:41:05,786 [INFO] Epoch 32 of 50
2023-03-07 11:41:55,723 [INFO] Epoch 31 complete. Loss: 0.09364984929561615
2023-03-07 11:42:00,242 [INFO] Epoch 33 of 50
2023-03-07 11:42:48,552 [INFO] Epoch 32 complete. Loss: 0.07655272632837296
2023-03-07 11:42:52,364 [INFO] Epoch 34 of 50
2023-03-07 11:43:41,383 [INFO] Epoch 33 complete. Loss: 0.1020679771900177
2023-03-07 11:43:45,040 [INFO] Epoch 35 of 50
2023-03-07 11:44:34,155 [INFO] Epoch 34 complete. Loss: 0.06013372913002968
2023-03-07 11:44:37,838 [INFO] Epoch 36 of 50
2023-03-07 11:45:27,393 [INFO] Epoch 35 complete. Loss: 0.07293093949556351
2023-03-07 11:45:31,176 [INFO] Epoch 37 of 50
2023-03-07 11:46:20,591 [INFO] Epoch 36 complete. Loss: 0.07319356501102448
2023-03-07 11:46:25,207 [INFO] Epoch 38 of 50
2023-03-07 11:47:14,163 [INFO] Epoch 37 complete. Loss: 0.08708614856004715
2023-03-07 11:47:19,487 [INFO] Epoch 39 of 50
2023-03-07 11:48:08,175 [INFO] Epoch 38 complete. Loss: 0.07625477015972137
2023-03-07 11:48:14,192 [INFO] Epoch 40 of 50
2023-03-07 11:49:02,778 [INFO] Epoch 39 complete. Loss: 0.07077442109584808
2023-03-07 11:49:06,388 [INFO] Epoch 41 of 50
2023-03-07 11:49:56,095 [INFO] Epoch 40 complete. Loss: 0.062366511672735214
2023-03-07 11:49:59,644 [INFO] Epoch 42 of 50
2023-03-07 11:50:50,159 [INFO] Epoch 41 complete. Loss: 0.06313712149858475
2023-03-07 11:50:54,076 [INFO] Epoch 43 of 50
2023-03-07 11:51:43,793 [INFO] Epoch 42 complete. Loss: 0.06390849500894547
2023-03-07 11:51:48,282 [INFO] Epoch 44 of 50
2023-03-07 11:52:37,360 [INFO] Epoch 43 complete. Loss: 0.0708707720041275
2023-03-07 11:52:40,844 [INFO] Epoch 45 of 50
2023-03-07 11:53:30,862 [INFO] Epoch 44 complete. Loss: 0.08122503012418747
2023-03-07 11:53:34,803 [INFO] Epoch 46 of 50
2023-03-07 11:54:25,530 [INFO] Epoch 45 complete. Loss: 0.07838867604732513
2023-03-07 11:54:29,461 [INFO] Epoch 47 of 50
2023-03-07 11:55:19,384 [INFO] Epoch 46 complete. Loss: 0.08069369941949844
2023-03-07 11:55:23,144 [INFO] Epoch 48 of 50
2023-03-07 11:56:15,031 [INFO] Epoch 47 complete. Loss: 0.05879886820912361
2023-03-07 11:56:18,742 [INFO] Epoch 49 of 50
2023-03-07 11:57:09,060 [INFO] Epoch 48 complete. Loss: 0.06750538945198059
2023-03-07 11:57:13,897 [INFO] Epoch 50 of 50
2023-03-07 11:58:03,008 [INFO] Epoch 49 complete. Loss: 0.06946726143360138
